<?xml version="1.0" encoding="UTF-8"?>
<testsuite xmlns:xsi="http://www.w3.org/2001/XMLSchema-instance" xsi:noNamespaceSchemaLocation="https://maven.apache.org/surefire/maven-surefire-plugin/xsd/surefire-test-report-3.0.xsd" version="3.0" name="pe.edu.upc.valorpathg4a.ValorPathG4AApplicationTests" time="22.146" tests="1" errors="0" skipped="0" failures="0">
  <properties>
[...]
</properties>
  <testcase name="contextLoads" classname="pe.edu.upc.valorpathg4a.ValorPathG4AApplicationTests" time="0.834">
    <system-out><![CDATA[10:10:46.928 [main] INFO org.springframework.test.context.support.AnnotationConfigContextLoaderUtils -- Could not detect default configuration classes for test class [pe.edu.upc.valorpathg4a.ValorPathG4AApplicationTests]: ValorPathG4AApplicationTests does not declare any static, non-private, non-final, nested classes annotated with @Configuration.
10:10:47.184 [main] INFO org.springframework.boot.test.context.SpringBootTestContextBootstrapper -- Found @SpringBootConfiguration pe.edu.upc.valorpathg4a.ValorPathG4AApplication for test class pe.edu.upc.valorpathg4a.ValorPathG4AApplicationTests
10:10:47.577 [main] INFO org.springframework.boot.devtools.restart.RestartApplicationListener -- Restart disabled due to context in which it is running

  .   ____          _            __ _ _
 /\\ / ___'_ __ _ _(_)_ __  __ _ \ \ \ \
( ( )\___ | '_ | '_| | '_ \/ _` | \ \ \ \
 \\/  ___)| |_)| | | | | || (_| |  ) ) ) )
  '  |____| .__|_| |_|_| |_\__, | / / / /
 =========|_|==============|___/=/_/_/_/

 :: Spring Boot ::                (v3.3.3)

2024-09-19T10:10:48.162-05:00  INFO 28632 --- [ValorPathG4A] [           main] p.e.u.v.ValorPathG4AApplicationTests     : Starting ValorPathG4AApplicationTests using Java 21.0.4 with PID 28632 (started by lariq in C:\ArquiWeb2024\ValorPathG4A)
2024-09-19T10:10:48.166-05:00  INFO 28632 --- [ValorPathG4A] [           main] p.e.u.v.ValorPathG4AApplicationTests     : No active profile set, falling back to 1 default profile: "default"
2024-09-19T10:10:50.271-05:00  INFO 28632 --- [ValorPathG4A] [           main] .s.d.r.c.RepositoryConfigurationDelegate : Bootstrapping Spring Data JPA repositories in DEFAULT mode.
2024-09-19T10:10:50.416-05:00  INFO 28632 --- [ValorPathG4A] [           main] .s.d.r.c.RepositoryConfigurationDelegate : Finished Spring Data repository scanning in 128 ms. Found 8 JPA repository interfaces.
2024-09-19T10:10:51.879-05:00  INFO 28632 --- [ValorPathG4A] [           main] o.hibernate.jpa.internal.util.LogHelper  : HHH000204: Processing PersistenceUnitInfo [name: default]
2024-09-19T10:10:52.016-05:00  INFO 28632 --- [ValorPathG4A] [           main] org.hibernate.Version                    : HHH000412: Hibernate ORM core version 6.5.2.Final
2024-09-19T10:10:52.122-05:00  INFO 28632 --- [ValorPathG4A] [           main] o.h.c.internal.RegionFactoryInitiator    : HHH000026: Second-level cache disabled
2024-09-19T10:10:53.026-05:00  INFO 28632 --- [ValorPathG4A] [           main] o.s.o.j.p.SpringPersistenceUnitInfo      : No LoadTimeWeaver setup: ignoring JPA class transformer
2024-09-19T10:10:53.120-05:00  INFO 28632 --- [ValorPathG4A] [           main] com.zaxxer.hikari.HikariDataSource       : HikariPool-1 - Starting...
2024-09-19T10:10:55.180-05:00  INFO 28632 --- [ValorPathG4A] [           main] com.zaxxer.hikari.pool.HikariPool        : HikariPool-1 - Added connection org.postgresql.jdbc.PgConnection@edbc2bf
2024-09-19T10:10:55.182-05:00  INFO 28632 --- [ValorPathG4A] [           main] com.zaxxer.hikari.HikariDataSource       : HikariPool-1 - Start completed.
2024-09-19T10:10:55.417-05:00  WARN 28632 --- [ValorPathG4A] [           main] org.hibernate.orm.deprecation            : HHH90000025: PostgreSQLDialect does not need to be specified explicitly using 'hibernate.dialect' (remove the property setting and it will be selected by default)
2024-09-19T10:10:57.634-05:00  INFO 28632 --- [ValorPathG4A] [           main] o.h.e.t.j.p.i.JtaPlatformInitiator       : HHH000489: No JTA platform available (set 'hibernate.transaction.jta.platform' to enable JTA platform integration)
Hibernate: alter table if exists appointments drop constraint if exists FKyb7oinqbwu4me3bg3odqxe5p
Hibernate: alter table if exists appointments drop constraint if exists FKsmyeklf7rp9g4799mpolgcd1d
Hibernate: alter table if exists evento drop constraint if exists FKj9ui228ec3iw7a21ptsbjr6ar
Hibernate: alter table if exists evento drop constraint if exists FK7cwljhlkr72605h1b07jthlhf
Hibernate: alter table if exists evento drop constraint if exists FKi751c0hmp035pps3iw83i08d3
Hibernate: alter table if exists forums drop constraint if exists FKo2xvj84uhhc5ys8uakjd3wt1p
Hibernate: alter table if exists posts drop constraint if exists FKc9m0dyb081q4gdyg63w1sheqc
Hibernate: alter table if exists recursos drop constraint if exists FKob6b3iuxownrfcwdk5naxkdkm
Hibernate: alter table if exists roles drop constraint if exists FK97mxvrajhkq19dmvboprimeg1
Hibernate: drop table if exists appointments cascade
Hibernate: drop table if exists evento cascade
Hibernate: drop table if exists event_type cascade
Hibernate: drop table if exists forums cascade
Hibernate: drop table if exists posts cascade
Hibernate: drop table if exists recursos cascade
Hibernate: drop table if exists roles cascade
Hibernate: drop table if exists users cascade
Hibernate: create table appointments (date date not null, id integer generated by default as identity, psychologist_id integer, veteran_id integer, status varchar(50) not null, name varchar(100) not null, primary key (id))
Hibernate: create table evento (end_date date not null, id_event integer generated by default as identity, id_psicologo integer, id_tipo_evento integer, id_veterano integer, registration_date date not null, start_date date not null, description varchar(10) not null, name varchar(10) not null, primary key (id_event))
Hibernate: create table event_type (id_event_type integer generated by default as identity, title varchar(25) not null, description varchar(250) not null, primary key (id_event_type))
Hibernate: create table forums (date date not null, id integer generated by default as identity, psychologist_id integer, description varchar(100) not null, title varchar(100) not null, primary key (id))
Hibernate: create table posts (date date not null, id integer generated by default as identity, veteran_id integer, title varchar(50) not null, comment varchar(150) not null, primary key (id))
Hibernate: create table recursos (id integer generated by default as identity, id_users integer, resourcetype varchar(50) not null, resourcedescription varchar(400) not null, primary key (id))
Hibernate: create table roles (id integer generated by default as identity, user_id integer not null, name_role varchar(50) not null, primary key (id), unique (user_id, name_role))
Hibernate: create table users (birthdate date not null, enabled boolean, id integer generated by default as identity, dni varchar(8) not null, email varchar(20) not null, lastname varchar(20) not null, username varchar(20) not null, address varchar(100) not null, password varchar(200) not null, primary key (id))
Hibernate: alter table if exists appointments add constraint FKyb7oinqbwu4me3bg3odqxe5p foreign key (psychologist_id) references users
Hibernate: alter table if exists appointments add constraint FKsmyeklf7rp9g4799mpolgcd1d foreign key (veteran_id) references users
Hibernate: alter table if exists evento add constraint FKj9ui228ec3iw7a21ptsbjr6ar foreign key (id_tipo_evento) references event_type
Hibernate: alter table if exists evento add constraint FK7cwljhlkr72605h1b07jthlhf foreign key (id_psicologo) references users
Hibernate: alter table if exists evento add constraint FKi751c0hmp035pps3iw83i08d3 foreign key (id_veterano) references users
Hibernate: alter table if exists forums add constraint FKo2xvj84uhhc5ys8uakjd3wt1p foreign key (psychologist_id) references users
Hibernate: alter table if exists posts add constraint FKc9m0dyb081q4gdyg63w1sheqc foreign key (veteran_id) references users
Hibernate: alter table if exists recursos add constraint FKob6b3iuxownrfcwdk5naxkdkm foreign key (id_users) references users
Hibernate: alter table if exists roles add constraint FK97mxvrajhkq19dmvboprimeg1 foreign key (user_id) references users
2024-09-19T10:11:03.607-05:00  INFO 28632 --- [ValorPathG4A] [           main] j.LocalContainerEntityManagerFactoryBean : Initialized JPA EntityManagerFactory for persistence unit 'default'
2024-09-19T10:11:04.385-05:00  INFO 28632 --- [ValorPathG4A] [           main] o.s.d.j.r.query.QueryEnhancerFactory     : Hibernate is in classpath; If applicable, HQL parser will be used.
2024-09-19T10:11:05.802-05:00  WARN 28632 --- [ValorPathG4A] [           main] JpaBaseConfiguration$JpaWebConfiguration : spring.jpa.open-in-view is enabled by default. Therefore, database queries may be performed during view rendering. Explicitly configure spring.jpa.open-in-view to disable this warning
2024-09-19T10:11:06.288-05:00  WARN 28632 --- [ValorPathG4A] [           main] r$InitializeUserDetailsManagerConfigurer : Global AuthenticationManager configured with an AuthenticationProvider bean. UserDetailsService beans will not be used for username/password login. Consider removing the AuthenticationProvider bean. Alternatively, consider using the UserDetailsService in a manually instantiated DaoAuthenticationProvider.
2024-09-19T10:11:07.757-05:00  INFO 28632 --- [ValorPathG4A] [           main] p.e.u.v.ValorPathG4AApplicationTests     : Started ValorPathG4AApplicationTests in 20.217 seconds (process running for 23.124)
]]></system-out>
    <system-err><![CDATA[WARNING: A Java agent has been loaded dynamically (C:\Users\lariq\.m2\repository\net\bytebuddy\byte-buddy-agent\1.14.19\byte-buddy-agent-1.14.19.jar)
WARNING: If a serviceability tool is in use, please run with -XX:+EnableDynamicAgentLoading to hide this warning
WARNING: If a serviceability tool is not in use, please run with -Djdk.instrument.traceUsage for more information
WARNING: Dynamic loading of agents will be disallowed by default in a future release
]]></system-err>
  </testcase>
</testsuite>